2026-01-01 15:40:50.620 [main] INFO  c.s.i.a.a.AutomationArgumentParser - Parsed arguments: email=a***@yopmail.com, org=Demo, env=CRUDTest, browser=api, headless=false
2026-01-01 15:40:50.675 [main] INFO  c.s.inb.application.InbAutomationApp - Delegating to BackendAutomationRunner for API automation
2026-01-01 15:40:50.676 [main] INFO  c.s.i.a.a.AutomationArgumentParser - Parsed arguments: email=a***@yopmail.com, org=Demo, env=CRUDTest, browser=api, headless=false
2026-01-01 15:40:50.677 [main] INFO  c.s.i.a.BackendAutomationRunner - Backend Automation Started with environment: CRUDTest
2026-01-01 15:40:50.793 [main] INFO  c.s.i.a.config.ConfigurationManager - Instance configuration loaded successfully.
2026-01-01 15:40:50.795 [main] INFO  c.s.i.a.auth.AuthenticationHelper - Authenticating user: a***@yopmail.com
2026-01-01 15:40:50.798 [main] INFO  c.s.i.a.auth.IdentityServiceClient - Authenticating user: a***@yopmail.com
2026-01-01 15:40:51.709 [main] INFO  c.s.i.a.auth.IdentityServiceClient - ✓ Authentication successful
2026-01-01 15:40:51.709 [main] INFO  c.s.i.a.auth.IdentityServiceClient - Retrieving user context...
2026-01-01 15:40:51.905 [main] INFO  c.s.i.a.auth.IdentityServiceClient - ✓ User context retrieved: 3 organization(s) accessible
2026-01-01 15:40:51.906 [main] INFO  c.s.i.a.auth.OrganizationSelector - Organization specified: Demo
2026-01-01 15:40:51.906 [main] INFO  c.s.i.a.auth.OrganizationSelector - ✓ Organization validated by name: Demo (c3c8a454-9530-41ba-8a43-c4cbd0308fbc)
2026-01-01 15:40:51.908 [main] INFO  c.s.inb.automation.auth.UserContext - Selected organization: Demo (c3c8a454-9530-41ba-8a43-c4cbd0308fbc)
2026-01-01 15:40:51.908 [main] INFO  c.s.i.a.auth.AuthenticationHelper - Authenticated as: Xiao Doe | Organization: c3c8a454-9530-41ba-8a43-c4cbd0308fbc
2026-01-01 15:40:51.912 [main] INFO  c.s.i.a.a.BackendAutomationAPIService - BackendAutomationAPIService initialized with token-based authentication
2026-01-01 15:40:51.912 [main] INFO  c.s.i.a.a.BackendAutomationAPIService - Retrieving API test plan for organization: c3c8a454-9530-41ba-8a43-c4cbd0308fbc and environment: CRUDTest
2026-01-01 15:40:51.932 [main] INFO  c.s.i.a.a.BackendAutomationAPIService - Response Code: 200
2026-01-01 15:40:51.939 [main] INFO  c.s.i.a.a.BackendAutomationAPIService - Retrieved 12 API test plans from API
2026-01-01 15:40:51.940 [main] INFO  c.s.i.a.a.BackendAutomationAPIService - Found API test plan for environment: CRUDTest
2026-01-01 15:40:51.941 [main] INFO  c.s.i.a.BackendAutomationRunner - Retrieved API test plan: 50f6c956-3817-4473-b35b-4d682f423504
2026-01-01 15:40:51.941 [main] INFO  c.s.i.a.a.BackendAutomationAPIService - Fetching global variables for test plan ID: 50f6c956-3817-4473-b35b-4d682f423504 (Organization: c3c8a454-9530-41ba-8a43-c4cbd0308fbc)
2026-01-01 15:40:51.991 [main] INFO  c.s.i.a.a.BackendAutomationAPIService - GlobalVariables API Response Code: 200 for organization: c3c8a454-9530-41ba-8a43-c4cbd0308fbc
2026-01-01 15:40:51.992 [main] WARN  c.s.i.a.a.BackendAutomationAPIService - Could not retrieve global variables for test plan '50f6c956-3817-4473-b35b-4d682f423504' (Organization: 'c3c8a454-9530-41ba-8a43-c4cbd0308fbc'): JSONObject["Data"] is not a JSONObject (class org.json.JSONArray).. Automation will continue.
2026-01-01 15:40:51.992 [main] INFO  c.s.i.a.BackendAutomationRunner - ℹ No global variables for this test plan (automation will proceed normally)
2026-01-01 15:40:51.992 [main] INFO  c.s.i.a.a.BackendAutomationAPIService - Retrieving API test suites for test plan ID: 50f6c956-3817-4473-b35b-4d682f423504 and organization ID: c3c8a454-9530-41ba-8a43-c4cbd0308fbc
2026-01-01 15:40:52.029 [main] INFO  c.s.i.a.a.BackendAutomationAPIService - Response Code: 200
2026-01-01 15:40:52.033 [main] INFO  c.s.i.a.a.BackendAutomationAPIService - Retrieved 12 API test suites from API
2026-01-01 15:40:52.050 [main] INFO  c.s.i.a.a.BackendAutomationAPIService - Found 1 API test suites for test plan ID: 50f6c956-3817-4473-b35b-4d682f423504
2026-01-01 15:40:52.051 [main] INFO  c.s.i.a.BackendAutomationRunner - Found 1 API test suites for execution
2026-01-01 15:40:52.054 [main] INFO  c.s.i.a.utils.ApiReportingUtils - API report will be generated at: Reports/01012026_Demo_CRUDTest_154052_API_AutomationReport.html
2026-01-01 15:40:52.313 [main] INFO  c.s.i.a.a.BackendAutomationAPIService - BackendAutomationAPIService initialized with token-based authentication
2026-01-01 15:40:52.771 [main] INFO  c.s.i.a.handlers.ApiActionExecutor - RestAssured has been statically configured to relax HTTPS validation and enable content decoding.
2026-01-01 15:40:52.784 [main] INFO  c.s.i.a.s.ApiTestSuiteExecutor - ApiTestSuiteExecutor initialized successfully for API automation
2026-01-01 15:40:52.796 [main] INFO  c.s.i.a.utils.ApiReportingUtils - [API] Starting API Action: 1. Create New Post
2026-01-01 15:40:52.797 [main] INFO  c.s.i.a.handlers.ApiActionExecutor - [HYBRID] Executing 1. Create New Post action: API
2026-01-01 15:40:52.798 [main] INFO  c.s.i.a.handlers.ApiActionExecutor - [API] Starting API Action: 1. Create New Post
2026-01-01 15:40:53.177 [main] INFO  c.s.i.a.handlers.ApiActionExecutor - [API] Request Method: POST
2026-01-01 15:40:53.177 [main] INFO  c.s.i.a.handlers.ApiActionExecutor - [API] Request URL: https://683d6eb6199a0039e9e56e4a.mockapi.io/api/v1/posts
2026-01-01 15:40:53.177 [main] INFO  c.s.i.a.handlers.ApiActionExecutor - [API] Request Headers: {Accept=application/json, Content-Type=application/json; charset=UTF-8}
2026-01-01 15:40:53.177 [main] INFO  c.s.i.a.handlers.ApiActionExecutor - [API] Request Body: {"userId": 55, "title": "My Test Post via Automation","body": "This content is generated by the INB Automation Tool.","status": "draft","tags": ["automation", "poc", "testing"],"isFeatured": false, "viewCount": 0}
2026-01-01 15:40:55.608 [main] INFO  c.s.i.a.handlers.ApiActionExecutor - [API] Response Headers: Access-Control-Allow-Headers=X-Requested-With,Content-Type,Cache-Control,access_token
Access-Control-Allow-Methods=GET,PUT,POST,DELETE,OPTIONS
Access-Control-Allow-Origin=*
Content-Length=251
Content-Type=application/json
Date=Thu, 01 Jan 2026 09:40:52 GMT
Nel={"report_to":"heroku-nel","response_headers":["Via"],"max_age":3600,"success_fraction":0.01,"failure_fraction":0.1}
Report-To={"group":"heroku-nel","endpoints":[{"url":"https://nel.heroku.com/reports?s=eyn%2FCsGFyXpKtI0RQlN8LO3fX%2BUbsFhBFApJjCiG4RE%3D\u0026sid=1b10b0ff-8a76-4548-befa-353fc6c6c045\u0026ts=1767260452"}],"max_age":3600}
Reporting-Endpoints=heroku-nel="https://nel.heroku.com/reports?s=eyn%2FCsGFyXpKtI0RQlN8LO3fX%2BUbsFhBFApJjCiG4RE%3D&sid=1b10b0ff-8a76-4548-befa-353fc6c6c045&ts=1767260452"
Server=Heroku
Via=1.1 heroku-router
X-Powered-By=Express
2026-01-01 15:40:55.608 [main] INFO  c.s.i.a.handlers.ApiActionExecutor - [API] Response Content-Type: application/json
2026-01-01 15:40:55.610 [main] INFO  c.s.i.a.handlers.ApiActionExecutor - [API] Response FirstBytesHex: 7B 22 63 72 65 61 74 65 64 41 74 22 3A 22 32 30 ...
2026-01-01 15:40:55.613 [main] INFO  c.s.i.a.utils.ApiReportingUtils - [API] Response Status Code: 201
2026-01-01 15:40:55.613 [main] INFO  c.s.i.a.utils.ApiReportingUtils - [API] Response Time: 2430 ms
2026-01-01 15:40:55.613 [main] INFO  c.s.i.a.utils.ApiReportingUtils - [API] Response Body: {"createdAt":"2025-12-31T11:10:50.628Z","userId":55,"title":"My Test Post via Automation","body":"This content is generated by the INB Automation Tool.","status":"draft","tags":["automation","poc","testing"],"isFeatured":false,"viewCount":0,"id":"28"}
2026-01-01 15:40:55.616 [main] INFO  c.s.i.a.utils.ApiReportingUtils - [API] SUCCESS: Assertion PASSED. Actual: 201
2026-01-01 15:40:56.098 [main] INFO  c.s.i.a.utils.ApiReportingUtils - [API] SUCCESS: Assertion PASSED. Actual: My Test Post via Automation
2026-01-01 15:40:56.111 [main] INFO  c.s.i.a.utils.ApiReportingUtils - [API] SUCCESS: Assertion PASSED. Actual: 28
2026-01-01 15:40:56.121 [main] INFO  c.s.i.a.utils.ApiReportingUtils - [API] SUCCESS: Assertion PASSED. Actual: 55
2026-01-01 15:40:56.154 [main] INFO  c.s.i.a.handlers.ApiActionExecutor - [API] Captured variable 'newPostTitle' with path 'title' resulted in value: My Test Post via Automation
2026-01-01 15:40:56.155 [main] INFO  c.s.i.a.handlers.ApiActionExecutor - [API] Captured variable 'newPostId' with path 'id' resulted in value: 28
2026-01-01 15:40:56.155 [main] INFO  c.s.i.a.utils.ApiReportingUtils - [API] SUCCESS: API Action '1. Create New Post' PASSED.
2026-01-01 15:40:56.156 [main] INFO  c.s.i.a.handlers.ApiExecutionHandler - [CROSS-SUITE] Suite 'CRUD API Test' captured 2 new variables (total: 2)
2026-01-01 15:40:56.156 [main] INFO  c.s.i.a.handlers.ApiExecutionHandler - Total API Execution Time: 3 seconds
2026-01-01 15:40:56.420 [main] INFO  c.s.i.a.handlers.ApiExecutionHandler - API test execution completed. Report generated successfully.
2026-01-01 15:40:56.420 [main] INFO  c.s.i.a.handlers.ApiExecutionHandler - Sending API report to cloud app with test plan ID: 50f6c956-3817-4473-b35b-4d682f423504
2026-01-01 15:40:56.705 [main] INFO  c.s.i.a.a.BackendAutomationAPIService - Response Code: 200
2026-01-01 15:40:56.707 [main] INFO  c.s.i.a.a.BackendAutomationAPIService - API report sent successfully. Report Name: 01012026_Demo_CRUDTest_154052_API_AutomationReport.html
2026-01-01 15:40:56.707 [main] INFO  c.s.i.a.handlers.ApiExecutionHandler - API report sent to cloud app successfully
2026-01-01 15:40:57.718 [main] INFO  c.s.i.a.BackendAutomationRunner - Backend Automation Completed
2026-01-01 16:00:41.838 [main] INFO  c.s.i.a.a.AutomationArgumentParser - Parsed arguments: email=a***@yopmail.com, org=Demo, env=CRUDTest, browser=api, headless=false
2026-01-01 16:00:41.849 [main] INFO  c.s.inb.application.InbAutomationApp - Delegating to BackendAutomationRunner for API automation
2026-01-01 16:00:41.850 [main] INFO  c.s.i.a.a.AutomationArgumentParser - Parsed arguments: email=a***@yopmail.com, org=Demo, env=CRUDTest, browser=api, headless=false
2026-01-01 16:00:41.850 [main] INFO  c.s.i.a.BackendAutomationRunner - Backend Automation Started with environment: CRUDTest
2026-01-01 16:00:41.929 [main] INFO  c.s.i.a.config.ConfigurationManager - Instance configuration loaded successfully.
2026-01-01 16:00:41.931 [main] INFO  c.s.i.a.auth.AuthenticationHelper - Authenticating user: a***@yopmail.com
2026-01-01 16:00:41.932 [main] INFO  c.s.i.a.auth.IdentityServiceClient - Authenticating user: a***@yopmail.com
2026-01-01 16:00:42.576 [main] INFO  c.s.i.a.auth.IdentityServiceClient - ✓ Authentication successful
2026-01-01 16:00:42.577 [main] INFO  c.s.i.a.auth.IdentityServiceClient - Retrieving user context...
2026-01-01 16:00:42.816 [main] INFO  c.s.i.a.auth.IdentityServiceClient - ✓ User context retrieved: 3 organization(s) accessible
2026-01-01 16:00:42.816 [main] INFO  c.s.i.a.auth.OrganizationSelector - Organization specified: Demo
2026-01-01 16:00:42.818 [main] INFO  c.s.i.a.auth.OrganizationSelector - ✓ Organization validated by name: Demo (c3c8a454-9530-41ba-8a43-c4cbd0308fbc)
2026-01-01 16:00:42.818 [main] INFO  c.s.inb.automation.auth.UserContext - Selected organization: Demo (c3c8a454-9530-41ba-8a43-c4cbd0308fbc)
2026-01-01 16:00:42.818 [main] INFO  c.s.i.a.auth.AuthenticationHelper - Authenticated as: Xiao Doe | Organization: c3c8a454-9530-41ba-8a43-c4cbd0308fbc
2026-01-01 16:00:42.820 [main] INFO  c.s.i.a.a.BackendAutomationAPIService - BackendAutomationAPIService initialized with token-based authentication
2026-01-01 16:00:42.820 [main] INFO  c.s.i.a.a.BackendAutomationAPIService - Retrieving API test plan for organization: c3c8a454-9530-41ba-8a43-c4cbd0308fbc and environment: CRUDTest
2026-01-01 16:00:42.856 [main] INFO  c.s.i.a.a.BackendAutomationAPIService - Response Code: 200
2026-01-01 16:00:42.864 [main] INFO  c.s.i.a.a.BackendAutomationAPIService - Retrieved 12 API test plans from API
2026-01-01 16:00:42.867 [main] INFO  c.s.i.a.a.BackendAutomationAPIService - Found API test plan for environment: CRUDTest
2026-01-01 16:00:42.867 [main] INFO  c.s.i.a.BackendAutomationRunner - Retrieved API test plan: 50f6c956-3817-4473-b35b-4d682f423504
2026-01-01 16:00:42.867 [main] INFO  c.s.i.a.a.BackendAutomationAPIService - Fetching global variables for test plan ID: 50f6c956-3817-4473-b35b-4d682f423504 (Organization: c3c8a454-9530-41ba-8a43-c4cbd0308fbc)
2026-01-01 16:00:42.970 [main] INFO  c.s.i.a.a.BackendAutomationAPIService - GlobalVariables API Response Code: 200 for organization: c3c8a454-9530-41ba-8a43-c4cbd0308fbc
2026-01-01 16:00:42.974 [main] WARN  c.s.i.a.a.BackendAutomationAPIService - Could not retrieve global variables for test plan '50f6c956-3817-4473-b35b-4d682f423504' (Organization: 'c3c8a454-9530-41ba-8a43-c4cbd0308fbc'): JSONObject["Data"] is not a JSONObject (class org.json.JSONArray).. Automation will continue.
2026-01-01 16:00:42.974 [main] INFO  c.s.i.a.BackendAutomationRunner - ℹ No global variables for this test plan (automation will proceed normally)
2026-01-01 16:00:42.974 [main] INFO  c.s.i.a.a.BackendAutomationAPIService - Retrieving API test suites for test plan ID: 50f6c956-3817-4473-b35b-4d682f423504 and organization ID: c3c8a454-9530-41ba-8a43-c4cbd0308fbc
2026-01-01 16:00:43.169 [main] INFO  c.s.i.a.a.BackendAutomationAPIService - Response Code: 200
2026-01-01 16:00:43.175 [main] INFO  c.s.i.a.a.BackendAutomationAPIService - Retrieved 12 API test suites from API
2026-01-01 16:00:43.192 [main] INFO  c.s.i.a.a.BackendAutomationAPIService - Found 1 API test suites for test plan ID: 50f6c956-3817-4473-b35b-4d682f423504
2026-01-01 16:00:43.193 [main] INFO  c.s.i.a.BackendAutomationRunner - Found 1 API test suites for execution
2026-01-01 16:00:43.194 [main] INFO  c.s.i.a.utils.ApiReportingUtils - API report will be generated at: Reports/01012026_Demo_CRUDTest_160043_API_AutomationReport.html
2026-01-01 16:00:43.330 [main] INFO  c.s.i.a.a.BackendAutomationAPIService - BackendAutomationAPIService initialized with token-based authentication
2026-01-01 16:00:43.648 [main] INFO  c.s.i.a.handlers.ApiActionExecutor - RestAssured has been statically configured to relax HTTPS validation and enable content decoding.
2026-01-01 16:00:43.652 [main] INFO  c.s.i.a.s.ApiTestSuiteExecutor - ApiTestSuiteExecutor initialized successfully for API automation
2026-01-01 16:00:43.668 [main] INFO  c.s.i.a.utils.ApiReportingUtils - [API] Starting API Action: 1. Create New Post
2026-01-01 16:00:43.668 [main] INFO  c.s.i.a.handlers.ApiActionExecutor - [HYBRID] Executing 1. Create New Post action: API
2026-01-01 16:00:43.668 [main] INFO  c.s.i.a.handlers.ApiActionExecutor - [API] Starting API Action: 1. Create New Post
2026-01-01 16:00:44.014 [main] INFO  c.s.i.a.handlers.ApiActionExecutor - [API] Request Method: POST
2026-01-01 16:00:44.014 [main] INFO  c.s.i.a.handlers.ApiActionExecutor - [API] Request URL: https://683d6eb6199a0039e9e56e4a.mockapi.io/api/v1/posts
2026-01-01 16:00:44.014 [main] INFO  c.s.i.a.handlers.ApiActionExecutor - [API] Request Headers: {Accept=application/json, Content-Type=application/json; charset=UTF-8}
2026-01-01 16:00:44.014 [main] INFO  c.s.i.a.handlers.ApiActionExecutor - [API] Request Body: {"userId": 55, "title": "My Test Post via Automation","body": "This content is generated by the INB Automation Tool.","status": "draft","tags": ["automation", "poc", "testing"],"isFeatured": false, "viewCount": 0}
2026-01-01 16:00:47.448 [main] INFO  c.s.i.a.handlers.ApiActionExecutor - [API] Response Headers: Access-Control-Allow-Headers=X-Requested-With,Content-Type,Cache-Control,access_token
Access-Control-Allow-Methods=GET,PUT,POST,DELETE,OPTIONS
Access-Control-Allow-Origin=*
Content-Length=251
Content-Type=application/json
Date=Thu, 01 Jan 2026 10:00:44 GMT
Nel={"report_to":"heroku-nel","response_headers":["Via"],"max_age":3600,"success_fraction":0.01,"failure_fraction":0.1}
Report-To={"group":"heroku-nel","endpoints":[{"url":"https://nel.heroku.com/reports?s=eFy%2Bbsn%2F2ZMutUZCJfUZRY%2ByaJ1sDBwTQWXDjJHQXtM%3D\u0026sid=1b10b0ff-8a76-4548-befa-353fc6c6c045\u0026ts=1767261643"}],"max_age":3600}
Reporting-Endpoints=heroku-nel="https://nel.heroku.com/reports?s=eFy%2Bbsn%2F2ZMutUZCJfUZRY%2ByaJ1sDBwTQWXDjJHQXtM%3D&sid=1b10b0ff-8a76-4548-befa-353fc6c6c045&ts=1767261643"
Server=Heroku
Via=1.1 heroku-router
X-Powered-By=Express
2026-01-01 16:00:47.449 [main] INFO  c.s.i.a.handlers.ApiActionExecutor - [API] Response Content-Type: application/json
2026-01-01 16:00:47.452 [main] INFO  c.s.i.a.handlers.ApiActionExecutor - [API] Response FirstBytesHex: 7B 22 63 72 65 61 74 65 64 41 74 22 3A 22 32 30 ...
2026-01-01 16:00:47.459 [main] INFO  c.s.i.a.utils.ApiReportingUtils - [API] Response Status Code: 201
2026-01-01 16:00:47.459 [main] INFO  c.s.i.a.utils.ApiReportingUtils - [API] Response Time: 3433 ms
2026-01-01 16:00:47.459 [main] INFO  c.s.i.a.utils.ApiReportingUtils - [API] Response Body: {"createdAt":"2026-01-01T00:33:02.587Z","userId":55,"title":"My Test Post via Automation","body":"This content is generated by the INB Automation Tool.","status":"draft","tags":["automation","poc","testing"],"isFeatured":false,"viewCount":0,"id":"29"}
2026-01-01 16:00:47.461 [main] INFO  c.s.i.a.utils.ApiReportingUtils - [API] SUCCESS: Assertion PASSED. Actual: 201
2026-01-01 16:00:47.873 [main] INFO  c.s.i.a.utils.ApiReportingUtils - [API] SUCCESS: Assertion PASSED. Actual: My Test Post via Automation
2026-01-01 16:00:47.893 [main] INFO  c.s.i.a.utils.ApiReportingUtils - [API] SUCCESS: Assertion PASSED. Actual: 29
2026-01-01 16:00:47.903 [main] INFO  c.s.i.a.utils.ApiReportingUtils - [API] SUCCESS: Assertion PASSED. Actual: 55
2026-01-01 16:00:47.946 [main] INFO  c.s.i.a.handlers.ApiActionExecutor - [API] Captured variable 'newPostTitle' with path 'title' resulted in value: My Test Post via Automation
2026-01-01 16:00:47.946 [main] INFO  c.s.i.a.handlers.ApiActionExecutor - [API] Captured variable 'newPostId' with path 'id' resulted in value: 29
2026-01-01 16:00:47.947 [main] INFO  c.s.i.a.utils.ApiReportingUtils - [API] SUCCESS: API Action '1. Create New Post' PASSED.
2026-01-01 16:00:47.947 [main] INFO  c.s.i.a.handlers.ApiExecutionHandler - [CROSS-SUITE] Suite 'CRUD API Test' captured 2 new variables (total: 2)
2026-01-01 16:00:47.947 [main] INFO  c.s.i.a.handlers.ApiExecutionHandler - Total API Execution Time: 4 seconds
2026-01-01 16:00:48.183 [main] INFO  c.s.i.a.handlers.ApiExecutionHandler - API test execution completed. Report generated successfully.
2026-01-01 16:00:48.183 [main] INFO  c.s.i.a.handlers.ApiExecutionHandler - Sending API report to cloud app with test plan ID: 50f6c956-3817-4473-b35b-4d682f423504
2026-01-01 16:00:48.395 [main] INFO  c.s.i.a.a.BackendAutomationAPIService - Response Code: 200
2026-01-01 16:00:48.397 [main] INFO  c.s.i.a.a.BackendAutomationAPIService - API report sent successfully. Report Name: 01012026_Demo_CRUDTest_160043_API_AutomationReport.html
2026-01-01 16:00:48.397 [main] INFO  c.s.i.a.handlers.ApiExecutionHandler - API report sent to cloud app successfully
2026-01-01 16:00:49.398 [main] INFO  c.s.i.a.BackendAutomationRunner - Backend Automation Completed
2026-01-01 16:28:19.460 [main] INFO  c.s.i.a.a.AutomationArgumentParser - Parsed arguments: email=a***@yopmail.com, org=Demo, env=CRUDTest, browser=api, headless=false
2026-01-01 16:28:19.471 [main] INFO  c.s.inb.application.InbAutomationApp - Delegating to BackendAutomationRunner for API automation
2026-01-01 16:28:19.472 [main] INFO  c.s.i.a.a.AutomationArgumentParser - Parsed arguments: email=a***@yopmail.com, org=Demo, env=CRUDTest, browser=api, headless=false
2026-01-01 16:28:19.472 [main] INFO  c.s.i.a.BackendAutomationRunner - Backend Automation Started with environment: CRUDTest
2026-01-01 16:28:19.540 [main] INFO  c.s.i.a.config.ConfigurationManager - Instance configuration loaded successfully.
2026-01-01 16:28:19.541 [main] INFO  c.s.i.a.auth.AuthenticationHelper - Authenticating user: a***@yopmail.com
2026-01-01 16:28:19.543 [main] INFO  c.s.i.a.auth.IdentityServiceClient - Authenticating user: a***@yopmail.com
2026-01-01 16:28:20.215 [main] INFO  c.s.i.a.auth.IdentityServiceClient - ✓ Authentication successful
2026-01-01 16:28:20.215 [main] INFO  c.s.i.a.auth.IdentityServiceClient - Retrieving user context...
2026-01-01 16:28:20.390 [main] INFO  c.s.i.a.auth.IdentityServiceClient - ✓ User context retrieved: 3 organization(s) accessible
2026-01-01 16:28:20.391 [main] INFO  c.s.i.a.auth.OrganizationSelector - Organization specified: Demo
2026-01-01 16:28:20.391 [main] INFO  c.s.i.a.auth.OrganizationSelector - ✓ Organization validated by name: Demo (c3c8a454-9530-41ba-8a43-c4cbd0308fbc)
2026-01-01 16:28:20.392 [main] INFO  c.s.inb.automation.auth.UserContext - Selected organization: Demo (c3c8a454-9530-41ba-8a43-c4cbd0308fbc)
2026-01-01 16:28:20.392 [main] INFO  c.s.i.a.auth.AuthenticationHelper - Authenticated as: Xiao Doe | Organization: c3c8a454-9530-41ba-8a43-c4cbd0308fbc
2026-01-01 16:28:20.393 [main] INFO  c.s.i.a.a.BackendAutomationAPIService - BackendAutomationAPIService initialized with token-based authentication
2026-01-01 16:28:20.394 [main] INFO  c.s.i.a.a.BackendAutomationAPIService - Retrieving API test plan for organization: c3c8a454-9530-41ba-8a43-c4cbd0308fbc and environment: CRUDTest
2026-01-01 16:28:20.408 [main] INFO  c.s.i.a.a.BackendAutomationAPIService - Response Code: 200
2026-01-01 16:28:20.412 [main] INFO  c.s.i.a.a.BackendAutomationAPIService - Retrieved 12 API test plans from API
2026-01-01 16:28:20.413 [main] INFO  c.s.i.a.a.BackendAutomationAPIService - Found API test plan for environment: CRUDTest
2026-01-01 16:28:20.414 [main] INFO  c.s.i.a.BackendAutomationRunner - Retrieved API test plan: 50f6c956-3817-4473-b35b-4d682f423504
2026-01-01 16:28:20.414 [main] INFO  c.s.i.a.a.BackendAutomationAPIService - Fetching global variables for test plan ID: 50f6c956-3817-4473-b35b-4d682f423504 (Organization: c3c8a454-9530-41ba-8a43-c4cbd0308fbc)
2026-01-01 16:28:20.428 [main] INFO  c.s.i.a.a.BackendAutomationAPIService - GlobalVariables API Response Code: 200 for organization: c3c8a454-9530-41ba-8a43-c4cbd0308fbc
2026-01-01 16:28:20.429 [main] WARN  c.s.i.a.a.BackendAutomationAPIService - Could not retrieve global variables for test plan '50f6c956-3817-4473-b35b-4d682f423504' (Organization: 'c3c8a454-9530-41ba-8a43-c4cbd0308fbc'): JSONObject["Data"] is not a JSONObject (class org.json.JSONArray).. Automation will continue.
2026-01-01 16:28:20.429 [main] INFO  c.s.i.a.BackendAutomationRunner - ℹ No global variables for this test plan (automation will proceed normally)
2026-01-01 16:28:20.430 [main] INFO  c.s.i.a.a.BackendAutomationAPIService - Retrieving API test suites for test plan ID: 50f6c956-3817-4473-b35b-4d682f423504 and organization ID: c3c8a454-9530-41ba-8a43-c4cbd0308fbc
2026-01-01 16:28:20.468 [main] INFO  c.s.i.a.a.BackendAutomationAPIService - Response Code: 200
2026-01-01 16:28:20.473 [main] INFO  c.s.i.a.a.BackendAutomationAPIService - Retrieved 12 API test suites from API
2026-01-01 16:28:20.484 [main] INFO  c.s.i.a.a.BackendAutomationAPIService - Found 1 API test suites for test plan ID: 50f6c956-3817-4473-b35b-4d682f423504
2026-01-01 16:28:20.484 [main] INFO  c.s.i.a.BackendAutomationRunner - Found 1 API test suites for execution
2026-01-01 16:28:20.485 [main] INFO  c.s.i.a.utils.ApiReportingUtils - API report will be generated at: Reports/01012026_Demo_CRUDTest_162820_API_AutomationReport.html
2026-01-01 16:28:20.625 [main] INFO  c.s.i.a.a.BackendAutomationAPIService - BackendAutomationAPIService initialized with token-based authentication
2026-01-01 16:28:20.900 [main] INFO  c.s.i.a.handlers.ApiActionExecutor - RestAssured has been statically configured to relax HTTPS validation and enable content decoding.
2026-01-01 16:28:20.909 [main] INFO  c.s.i.a.s.ApiTestSuiteExecutor - ApiTestSuiteExecutor initialized successfully for API automation
2026-01-01 16:28:20.926 [main] INFO  c.s.i.a.utils.ApiReportingUtils - [API] Starting API Action: 1. Create New Post
2026-01-01 16:28:20.926 [main] INFO  c.s.i.a.handlers.ApiActionExecutor - [HYBRID] Executing 1. Create New Post action: API
2026-01-01 16:28:20.928 [main] INFO  c.s.i.a.handlers.ApiActionExecutor - [API] Starting API Action: 1. Create New Post
2026-01-01 16:28:21.201 [main] INFO  c.s.i.a.handlers.ApiActionExecutor - [API] Request Method: POST
2026-01-01 16:28:21.201 [main] INFO  c.s.i.a.handlers.ApiActionExecutor - [API] Request URL: https://683d6eb6199a0039e9e56e4a.mockapi.io/api/v1/posts
2026-01-01 16:28:21.201 [main] INFO  c.s.i.a.handlers.ApiActionExecutor - [API] Request Headers: {Accept=application/json, Content-Type=application/json; charset=UTF-8}
2026-01-01 16:28:21.202 [main] INFO  c.s.i.a.handlers.ApiActionExecutor - [API] Request Body: {"userId": 55, "title": "My Test Post via Automation","body": "This content is generated by the INB Automation Tool.","status": "draft","tags": ["automation", "poc", "testing"],"isFeatured": false, "viewCount": 0}
2026-01-01 16:28:23.126 [main] INFO  c.s.i.a.handlers.ApiActionExecutor - [API] Response Headers: Access-Control-Allow-Headers=X-Requested-With,Content-Type,Cache-Control,access_token
Access-Control-Allow-Methods=GET,PUT,POST,DELETE,OPTIONS
Access-Control-Allow-Origin=*
Content-Length=251
Content-Type=application/json
Date=Thu, 01 Jan 2026 10:28:20 GMT
Nel={"report_to":"heroku-nel","response_headers":["Via"],"max_age":3600,"success_fraction":0.01,"failure_fraction":0.1}
Report-To={"group":"heroku-nel","endpoints":[{"url":"https://nel.heroku.com/reports?s=Y6BFpclDlr1H9Jbpdh4EdvvbV2dZC9mDfTK2%2BU6l4kU%3D\u0026sid=1b10b0ff-8a76-4548-befa-353fc6c6c045\u0026ts=1767263300"}],"max_age":3600}
Reporting-Endpoints=heroku-nel="https://nel.heroku.com/reports?s=Y6BFpclDlr1H9Jbpdh4EdvvbV2dZC9mDfTK2%2BU6l4kU%3D&sid=1b10b0ff-8a76-4548-befa-353fc6c6c045&ts=1767263300"
Server=Heroku
Via=1.1 heroku-router
X-Powered-By=Express
2026-01-01 16:28:23.126 [main] INFO  c.s.i.a.handlers.ApiActionExecutor - [API] Response Content-Type: application/json
2026-01-01 16:28:23.129 [main] INFO  c.s.i.a.handlers.ApiActionExecutor - [API] Response FirstBytesHex: 7B 22 63 72 65 61 74 65 64 41 74 22 3A 22 32 30 ...
2026-01-01 16:28:23.132 [main] INFO  c.s.i.a.utils.ApiReportingUtils - [API] Response Status Code: 201
2026-01-01 16:28:23.132 [main] INFO  c.s.i.a.utils.ApiReportingUtils - [API] Response Time: 1924 ms
2026-01-01 16:28:23.132 [main] INFO  c.s.i.a.utils.ApiReportingUtils - [API] Response Body: {"createdAt":"2026-01-01T10:24:10.708Z","userId":55,"title":"My Test Post via Automation","body":"This content is generated by the INB Automation Tool.","status":"draft","tags":["automation","poc","testing"],"isFeatured":false,"viewCount":0,"id":"30"}
2026-01-01 16:28:23.134 [main] INFO  c.s.i.a.utils.ApiReportingUtils - [API] SUCCESS: Assertion PASSED. Actual: 201
2026-01-01 16:28:23.513 [main] INFO  c.s.i.a.utils.ApiReportingUtils - [API] SUCCESS: Assertion PASSED. Actual: My Test Post via Automation
2026-01-01 16:28:23.523 [main] INFO  c.s.i.a.utils.ApiReportingUtils - [API] SUCCESS: Assertion PASSED. Actual: 30
2026-01-01 16:28:23.533 [main] INFO  c.s.i.a.utils.ApiReportingUtils - [API] SUCCESS: Assertion PASSED. Actual: 55
2026-01-01 16:28:23.565 [main] INFO  c.s.i.a.handlers.ApiActionExecutor - [API] Captured variable 'newPostTitle' with path 'title' resulted in value: My Test Post via Automation
2026-01-01 16:28:23.565 [main] INFO  c.s.i.a.handlers.ApiActionExecutor - [API] Captured variable 'newPostId' with path 'id' resulted in value: 30
2026-01-01 16:28:23.565 [main] INFO  c.s.i.a.utils.ApiReportingUtils - [API] SUCCESS: API Action '1. Create New Post' PASSED.
2026-01-01 16:28:23.566 [main] INFO  c.s.i.a.handlers.ApiExecutionHandler - [CROSS-SUITE] Suite 'CRUD API Test' captured 2 new variables (total: 2)
2026-01-01 16:28:23.566 [main] INFO  c.s.i.a.handlers.ApiExecutionHandler - Total API Execution Time: 2 seconds
2026-01-01 16:28:23.760 [main] INFO  c.s.i.a.handlers.ApiExecutionHandler - API test execution completed. Report generated successfully.
2026-01-01 16:28:23.760 [main] INFO  c.s.i.a.handlers.ApiExecutionHandler - Sending API report to cloud app with test plan ID: 50f6c956-3817-4473-b35b-4d682f423504
2026-01-01 16:28:24.099 [main] INFO  c.s.i.a.a.BackendAutomationAPIService - Response Code: 200
2026-01-01 16:28:24.102 [main] INFO  c.s.i.a.a.BackendAutomationAPIService - API report sent successfully. Report Name: 01012026_Demo_CRUDTest_162820_API_AutomationReport.html
2026-01-01 16:28:24.102 [main] INFO  c.s.i.a.handlers.ApiExecutionHandler - API report sent to cloud app successfully
2026-01-01 16:28:25.109 [main] INFO  c.s.i.a.BackendAutomationRunner - Backend Automation Completed
2026-01-01 17:15:40.365 [main] INFO  c.s.i.a.a.AutomationArgumentParser - Parsed arguments: email=a***@yopmail.com, org=Demo, env=CRUDTest, browser=api, headless=false
2026-01-01 17:15:40.395 [main] INFO  c.s.inb.application.InbAutomationApp - Delegating to BackendAutomationRunner for API automation
2026-01-01 17:15:40.397 [main] INFO  c.s.i.a.a.AutomationArgumentParser - Parsed arguments: email=a***@yopmail.com, org=Demo, env=CRUDTest, browser=api, headless=false
2026-01-01 17:15:40.398 [main] INFO  c.s.i.a.BackendAutomationRunner - Backend Automation Started with environment: CRUDTest
2026-01-01 17:15:40.643 [main] INFO  c.s.i.a.config.ConfigurationManager - Instance configuration loaded successfully.
2026-01-01 17:15:40.645 [main] INFO  c.s.i.a.auth.AuthenticationHelper - Authenticating user: a***@yopmail.com
2026-01-01 17:15:40.651 [main] INFO  c.s.i.a.auth.IdentityServiceClient - Authenticating user: a***@yopmail.com
2026-01-01 17:15:41.542 [main] INFO  c.s.i.a.auth.IdentityServiceClient - ✓ Authentication successful
2026-01-01 17:15:41.543 [main] INFO  c.s.i.a.auth.IdentityServiceClient - Retrieving user context...
2026-01-01 17:15:41.673 [main] INFO  c.s.i.a.auth.IdentityServiceClient - ✓ User context retrieved: 3 organization(s) accessible
2026-01-01 17:15:41.673 [main] INFO  c.s.i.a.auth.OrganizationSelector - Organization specified: Demo
2026-01-01 17:15:41.674 [main] INFO  c.s.i.a.auth.OrganizationSelector - ✓ Organization validated by name: Demo (c3c8a454-9530-41ba-8a43-c4cbd0308fbc)
2026-01-01 17:15:41.675 [main] INFO  c.s.inb.automation.auth.UserContext - Selected organization: Demo (c3c8a454-9530-41ba-8a43-c4cbd0308fbc)
2026-01-01 17:15:41.675 [main] INFO  c.s.i.a.auth.AuthenticationHelper - Authenticated as: Xiao Doe | Organization: c3c8a454-9530-41ba-8a43-c4cbd0308fbc
2026-01-01 17:15:41.676 [main] INFO  c.s.i.a.a.BackendAutomationAPIService - BackendAutomationAPIService initialized with token-based authentication
2026-01-01 17:15:41.676 [main] INFO  c.s.i.a.a.BackendAutomationAPIService - Retrieving API test plan for organization: c3c8a454-9530-41ba-8a43-c4cbd0308fbc and environment: CRUDTest
2026-01-01 17:15:41.746 [main] INFO  c.s.i.a.a.BackendAutomationAPIService - Response Code: 200
2026-01-01 17:15:41.751 [main] INFO  c.s.i.a.a.BackendAutomationAPIService - Retrieved 12 API test plans from API
2026-01-01 17:15:41.752 [main] INFO  c.s.i.a.a.BackendAutomationAPIService - Found API test plan for environment: CRUDTest
2026-01-01 17:15:41.752 [main] INFO  c.s.i.a.BackendAutomationRunner - Retrieved API test plan: 50f6c956-3817-4473-b35b-4d682f423504
2026-01-01 17:15:41.753 [main] INFO  c.s.i.a.a.BackendAutomationAPIService - Fetching global variables for test plan ID: 50f6c956-3817-4473-b35b-4d682f423504 (Organization: c3c8a454-9530-41ba-8a43-c4cbd0308fbc)
2026-01-01 17:15:41.810 [main] INFO  c.s.i.a.a.BackendAutomationAPIService - GlobalVariables API Response Code: 200 for organization: c3c8a454-9530-41ba-8a43-c4cbd0308fbc
2026-01-01 17:15:41.811 [main] WARN  c.s.i.a.a.BackendAutomationAPIService - Could not retrieve global variables for test plan '50f6c956-3817-4473-b35b-4d682f423504' (Organization: 'c3c8a454-9530-41ba-8a43-c4cbd0308fbc'): JSONObject["Data"] is not a JSONObject (class org.json.JSONArray).. Automation will continue.
2026-01-01 17:15:41.812 [main] INFO  c.s.i.a.BackendAutomationRunner - ℹ No global variables for this test plan (automation will proceed normally)
2026-01-01 17:15:41.812 [main] INFO  c.s.i.a.a.BackendAutomationAPIService - Retrieving API test suites for test plan ID: 50f6c956-3817-4473-b35b-4d682f423504 and organization ID: c3c8a454-9530-41ba-8a43-c4cbd0308fbc
2026-01-01 17:15:42.085 [main] INFO  c.s.i.a.a.BackendAutomationAPIService - Response Code: 200
2026-01-01 17:15:42.098 [main] INFO  c.s.i.a.a.BackendAutomationAPIService - Retrieved 12 API test suites from API
2026-01-01 17:15:42.107 [main] INFO  c.s.i.a.a.BackendAutomationAPIService - Found 1 API test suites for test plan ID: 50f6c956-3817-4473-b35b-4d682f423504
2026-01-01 17:15:42.108 [main] INFO  c.s.i.a.BackendAutomationRunner - Found 1 API test suites for execution
2026-01-01 17:15:42.109 [main] INFO  c.s.i.a.utils.ApiReportingUtils - API report will be generated at: Reports/01012026_Demo_CRUDTest_171542_API_AutomationReport.html
2026-01-01 17:15:42.228 [main] INFO  c.s.i.a.a.BackendAutomationAPIService - BackendAutomationAPIService initialized with token-based authentication
2026-01-01 17:15:42.537 [main] INFO  c.s.i.a.handlers.ApiActionExecutor - RestAssured has been statically configured to relax HTTPS validation and enable content decoding.
2026-01-01 17:15:42.541 [main] INFO  c.s.i.a.s.ApiTestSuiteExecutor - ApiTestSuiteExecutor initialized successfully for API automation
2026-01-01 17:15:42.558 [main] INFO  c.s.i.a.utils.ApiReportingUtils - [API] Starting API Action: 1. Create New Post
2026-01-01 17:15:42.558 [main] INFO  c.s.i.a.handlers.ApiActionExecutor - [HYBRID] Executing 1. Create New Post action: API
2026-01-01 17:15:42.558 [main] INFO  c.s.i.a.handlers.ApiActionExecutor - [API] Starting API Action: 1. Create New Post
2026-01-01 17:15:42.857 [main] INFO  c.s.i.a.handlers.ApiActionExecutor - [API] Request Method: POST
2026-01-01 17:15:42.857 [main] INFO  c.s.i.a.handlers.ApiActionExecutor - [API] Request URL: https://683d6eb6199a0039e9e56e4a.mockapi.io/api/v1/posts
2026-01-01 17:15:42.857 [main] INFO  c.s.i.a.handlers.ApiActionExecutor - [API] Request Headers: {Accept=application/json, Content-Type=application/json; charset=UTF-8}
2026-01-01 17:15:42.857 [main] INFO  c.s.i.a.handlers.ApiActionExecutor - [API] Request Body: {"userId": 55, "title": "My Test Post via Automation","body": "This content is generated by the INB Automation Tool.","status": "draft","tags": ["automation", "poc", "testing"],"isFeatured": false, "viewCount": 0}
2026-01-01 17:15:44.820 [main] INFO  c.s.i.a.handlers.ApiActionExecutor - [API] Response Headers: Access-Control-Allow-Headers=X-Requested-With,Content-Type,Cache-Control,access_token
Access-Control-Allow-Methods=GET,PUT,POST,DELETE,OPTIONS
Access-Control-Allow-Origin=*
Content-Length=251
Content-Type=application/json
Date=Thu, 01 Jan 2026 11:15:41 GMT
Nel={"report_to":"heroku-nel","response_headers":["Via"],"max_age":3600,"success_fraction":0.01,"failure_fraction":0.1}
Report-To={"group":"heroku-nel","endpoints":[{"url":"https://nel.heroku.com/reports?s=1eIHpvv9lsMFk42LfGdChqeFr%2BnWZyS%2Bq1ydcabQmXA%3D\u0026sid=1b10b0ff-8a76-4548-befa-353fc6c6c045\u0026ts=1767266141"}],"max_age":3600}
Reporting-Endpoints=heroku-nel="https://nel.heroku.com/reports?s=1eIHpvv9lsMFk42LfGdChqeFr%2BnWZyS%2Bq1ydcabQmXA%3D&sid=1b10b0ff-8a76-4548-befa-353fc6c6c045&ts=1767266141"
Server=Heroku
Via=1.1 heroku-router
X-Powered-By=Express
2026-01-01 17:15:44.820 [main] INFO  c.s.i.a.handlers.ApiActionExecutor - [API] Response Content-Type: application/json
2026-01-01 17:15:44.823 [main] INFO  c.s.i.a.handlers.ApiActionExecutor - [API] Response FirstBytesHex: 7B 22 63 72 65 61 74 65 64 41 74 22 3A 22 32 30 ...
2026-01-01 17:15:44.827 [main] INFO  c.s.i.a.utils.ApiReportingUtils - [API] Response Status Code: 201
2026-01-01 17:15:44.827 [main] INFO  c.s.i.a.utils.ApiReportingUtils - [API] Response Time: 1963 ms
2026-01-01 17:15:44.827 [main] INFO  c.s.i.a.utils.ApiReportingUtils - [API] Response Body: {"createdAt":"2026-01-01T05:21:34.414Z","userId":55,"title":"My Test Post via Automation","body":"This content is generated by the INB Automation Tool.","status":"draft","tags":["automation","poc","testing"],"isFeatured":false,"viewCount":0,"id":"31"}
2026-01-01 17:15:44.829 [main] INFO  c.s.i.a.utils.ApiReportingUtils - [API] SUCCESS: Assertion PASSED. Actual: 201
2026-01-01 17:15:45.234 [main] INFO  c.s.i.a.utils.ApiReportingUtils - [API] SUCCESS: Assertion PASSED. Actual: My Test Post via Automation
2026-01-01 17:15:45.244 [main] INFO  c.s.i.a.utils.ApiReportingUtils - [API] SUCCESS: Assertion PASSED. Actual: 31
2026-01-01 17:15:45.254 [main] INFO  c.s.i.a.utils.ApiReportingUtils - [API] SUCCESS: Assertion PASSED. Actual: 55
2026-01-01 17:15:45.313 [main] INFO  c.s.i.a.handlers.ApiActionExecutor - [API] Captured variable 'newPostTitle' with path 'title' resulted in value: My Test Post via Automation
2026-01-01 17:15:45.314 [main] INFO  c.s.i.a.handlers.ApiActionExecutor - [API] Captured variable 'newPostId' with path 'id' resulted in value: 31
2026-01-01 17:15:45.314 [main] INFO  c.s.i.a.utils.ApiReportingUtils - [API] SUCCESS: API Action '1. Create New Post' PASSED.
2026-01-01 17:15:45.314 [main] INFO  c.s.i.a.handlers.ApiExecutionHandler - [CROSS-SUITE] Suite 'CRUD API Test' captured 2 new variables (total: 2)
2026-01-01 17:15:45.314 [main] INFO  c.s.i.a.handlers.ApiExecutionHandler - Total API Execution Time: 2 seconds
2026-01-01 17:15:45.521 [main] INFO  c.s.i.a.handlers.ApiExecutionHandler - API test execution completed. Report generated successfully.
2026-01-01 17:15:45.521 [main] INFO  c.s.i.a.handlers.ApiExecutionHandler - Sending API report to cloud app with test plan ID: 50f6c956-3817-4473-b35b-4d682f423504
2026-01-01 17:15:45.653 [main] INFO  c.s.i.a.a.BackendAutomationAPIService - Response Code: 200
2026-01-01 17:15:45.656 [main] INFO  c.s.i.a.a.BackendAutomationAPIService - API report sent successfully. Report Name: 01012026_Demo_CRUDTest_171542_API_AutomationReport.html
2026-01-01 17:15:45.656 [main] INFO  c.s.i.a.handlers.ApiExecutionHandler - API report sent to cloud app successfully
2026-01-01 17:15:46.667 [main] INFO  c.s.i.a.BackendAutomationRunner - Backend Automation Completed
2026-01-01 17:21:21.620 [main] INFO  c.s.i.a.a.AutomationArgumentParser - Parsed arguments: email=a***@yopmail.com, org=Demo, env=CRUDTest, browser=api, headless=false
2026-01-01 17:21:21.632 [main] INFO  c.s.inb.application.InbAutomationApp - Delegating to BackendAutomationRunner for API automation
2026-01-01 17:21:21.633 [main] INFO  c.s.i.a.a.AutomationArgumentParser - Parsed arguments: email=a***@yopmail.com, org=Demo, env=CRUDTest, browser=api, headless=false
2026-01-01 17:21:21.633 [main] INFO  c.s.i.a.BackendAutomationRunner - Backend Automation Started with environment: CRUDTest
2026-01-01 17:21:21.714 [main] INFO  c.s.i.a.config.ConfigurationManager - Instance configuration loaded successfully.
2026-01-01 17:21:21.714 [main] INFO  c.s.i.a.auth.AuthenticationHelper - Authenticating user: a***@yopmail.com
2026-01-01 17:21:21.716 [main] INFO  c.s.i.a.auth.IdentityServiceClient - Authenticating user: a***@yopmail.com
2026-01-01 17:21:22.337 [main] INFO  c.s.i.a.auth.IdentityServiceClient - ✓ Authentication successful
2026-01-01 17:21:22.337 [main] INFO  c.s.i.a.auth.IdentityServiceClient - Retrieving user context...
2026-01-01 17:21:22.439 [main] INFO  c.s.i.a.auth.IdentityServiceClient - ✓ User context retrieved: 3 organization(s) accessible
2026-01-01 17:21:22.442 [main] INFO  c.s.i.a.auth.OrganizationSelector - Organization specified: Demo
2026-01-01 17:21:22.443 [main] INFO  c.s.i.a.auth.OrganizationSelector - ✓ Organization validated by name: Demo (c3c8a454-9530-41ba-8a43-c4cbd0308fbc)
2026-01-01 17:21:22.449 [main] INFO  c.s.inb.automation.auth.UserContext - Selected organization: Demo (c3c8a454-9530-41ba-8a43-c4cbd0308fbc)
2026-01-01 17:21:22.449 [main] INFO  c.s.i.a.auth.AuthenticationHelper - Authenticated as: Xiao Doe | Organization: c3c8a454-9530-41ba-8a43-c4cbd0308fbc
2026-01-01 17:21:22.453 [main] INFO  c.s.i.a.a.BackendAutomationAPIService - BackendAutomationAPIService initialized with token-based authentication
2026-01-01 17:21:22.453 [main] INFO  c.s.i.a.a.BackendAutomationAPIService - Retrieving API test plan for organization: c3c8a454-9530-41ba-8a43-c4cbd0308fbc and environment: CRUDTest
2026-01-01 17:21:22.482 [main] INFO  c.s.i.a.a.BackendAutomationAPIService - Response Code: 200
2026-01-01 17:21:22.490 [main] INFO  c.s.i.a.a.BackendAutomationAPIService - Retrieved 12 API test plans from API
2026-01-01 17:21:22.492 [main] INFO  c.s.i.a.a.BackendAutomationAPIService - Found API test plan for environment: CRUDTest
2026-01-01 17:21:22.492 [main] INFO  c.s.i.a.BackendAutomationRunner - Retrieved API test plan: 50f6c956-3817-4473-b35b-4d682f423504
2026-01-01 17:21:22.492 [main] INFO  c.s.i.a.a.BackendAutomationAPIService - Fetching global variables for test plan ID: 50f6c956-3817-4473-b35b-4d682f423504 (Organization: c3c8a454-9530-41ba-8a43-c4cbd0308fbc)
2026-01-01 17:21:22.532 [main] INFO  c.s.i.a.a.BackendAutomationAPIService - GlobalVariables API Response Code: 200 for organization: c3c8a454-9530-41ba-8a43-c4cbd0308fbc
2026-01-01 17:21:22.535 [main] WARN  c.s.i.a.a.BackendAutomationAPIService - Could not retrieve global variables for test plan '50f6c956-3817-4473-b35b-4d682f423504' (Organization: 'c3c8a454-9530-41ba-8a43-c4cbd0308fbc'): JSONObject["Data"] is not a JSONObject (class org.json.JSONArray).. Automation will continue.
2026-01-01 17:21:22.535 [main] INFO  c.s.i.a.BackendAutomationRunner - ℹ No global variables for this test plan (automation will proceed normally)
2026-01-01 17:21:22.535 [main] INFO  c.s.i.a.a.BackendAutomationAPIService - Retrieving API test suites for test plan ID: 50f6c956-3817-4473-b35b-4d682f423504 and organization ID: c3c8a454-9530-41ba-8a43-c4cbd0308fbc
2026-01-01 17:21:22.639 [main] INFO  c.s.i.a.a.BackendAutomationAPIService - Response Code: 200
2026-01-01 17:21:22.641 [main] INFO  c.s.i.a.a.BackendAutomationAPIService - Retrieved 12 API test suites from API
2026-01-01 17:21:22.656 [main] INFO  c.s.i.a.a.BackendAutomationAPIService - Found 1 API test suites for test plan ID: 50f6c956-3817-4473-b35b-4d682f423504
2026-01-01 17:21:22.657 [main] INFO  c.s.i.a.BackendAutomationRunner - Found 1 API test suites for execution
2026-01-01 17:21:22.658 [main] INFO  c.s.i.a.utils.ApiReportingUtils - API report will be generated at: Reports/01012026_Demo_CRUDTest_172122_API_AutomationReport.html
2026-01-01 17:21:22.788 [main] INFO  c.s.i.a.a.BackendAutomationAPIService - BackendAutomationAPIService initialized with token-based authentication
2026-01-01 17:21:23.192 [main] INFO  c.s.i.a.handlers.ApiActionExecutor - RestAssured has been statically configured to relax HTTPS validation and enable content decoding.
2026-01-01 17:21:23.204 [main] INFO  c.s.i.a.s.ApiTestSuiteExecutor - ApiTestSuiteExecutor initialized successfully for API automation
2026-01-01 17:21:23.227 [main] INFO  c.s.i.a.utils.ApiReportingUtils - [API] Starting API Action: 1. Create New Post
2026-01-01 17:21:23.228 [main] INFO  c.s.i.a.handlers.ApiActionExecutor - [HYBRID] Executing 1. Create New Post action: API
2026-01-01 17:21:23.228 [main] INFO  c.s.i.a.handlers.ApiActionExecutor - [API] Starting API Action: 1. Create New Post
2026-01-01 17:21:23.587 [main] INFO  c.s.i.a.handlers.ApiActionExecutor - [API] Request Method: POST
2026-01-01 17:21:23.588 [main] INFO  c.s.i.a.handlers.ApiActionExecutor - [API] Request URL: https://683d6eb6199a0039e9e56e4a.mockapi.io/api/v1/posts
2026-01-01 17:21:23.588 [main] INFO  c.s.i.a.handlers.ApiActionExecutor - [API] Request Headers: {Accept=application/json, Content-Type=application/json; charset=UTF-8}
2026-01-01 17:21:23.589 [main] INFO  c.s.i.a.handlers.ApiActionExecutor - [API] Request Body: {"userId": 55, "title": "My Test Post via Automation","body": "This content is generated by the INB Automation Tool.","status": "draft","tags": ["automation", "poc", "testing"],"isFeatured": false, "viewCount": 0}
2026-01-01 17:21:25.482 [main] INFO  c.s.i.a.handlers.ApiActionExecutor - [API] Response Headers: Access-Control-Allow-Headers=X-Requested-With,Content-Type,Cache-Control,access_token
Access-Control-Allow-Methods=GET,PUT,POST,DELETE,OPTIONS
Access-Control-Allow-Origin=*
Content-Length=251
Content-Type=application/json
Date=Thu, 01 Jan 2026 11:21:22 GMT
Nel={"report_to":"heroku-nel","response_headers":["Via"],"max_age":3600,"success_fraction":0.01,"failure_fraction":0.1}
Report-To={"group":"heroku-nel","endpoints":[{"url":"https://nel.heroku.com/reports?s=VHV3Y2pXueCBfEIIZprTdjIYR7ePXzC8TKvnJTOm4%2F4%3D\u0026sid=1b10b0ff-8a76-4548-befa-353fc6c6c045\u0026ts=1767266482"}],"max_age":3600}
Reporting-Endpoints=heroku-nel="https://nel.heroku.com/reports?s=VHV3Y2pXueCBfEIIZprTdjIYR7ePXzC8TKvnJTOm4%2F4%3D&sid=1b10b0ff-8a76-4548-befa-353fc6c6c045&ts=1767266482"
Server=Heroku
Via=1.1 heroku-router
X-Powered-By=Express
2026-01-01 17:21:25.482 [main] INFO  c.s.i.a.handlers.ApiActionExecutor - [API] Response Content-Type: application/json
2026-01-01 17:21:25.486 [main] INFO  c.s.i.a.handlers.ApiActionExecutor - [API] Response FirstBytesHex: 7B 22 63 72 65 61 74 65 64 41 74 22 3A 22 32 30 ...
2026-01-01 17:21:25.490 [main] INFO  c.s.i.a.utils.ApiReportingUtils - [API] Response Status Code: 201
2026-01-01 17:21:25.491 [main] INFO  c.s.i.a.utils.ApiReportingUtils - [API] Response Time: 1893 ms
2026-01-01 17:21:25.491 [main] INFO  c.s.i.a.utils.ApiReportingUtils - [API] Response Body: {"createdAt":"2025-12-31T16:16:18.042Z","userId":55,"title":"My Test Post via Automation","body":"This content is generated by the INB Automation Tool.","status":"draft","tags":["automation","poc","testing"],"isFeatured":false,"viewCount":0,"id":"32"}
2026-01-01 17:21:25.493 [main] INFO  c.s.i.a.utils.ApiReportingUtils - [API] SUCCESS: Assertion PASSED. Actual: 201
2026-01-01 17:21:25.909 [main] INFO  c.s.i.a.utils.ApiReportingUtils - [API] SUCCESS: Assertion PASSED. Actual: My Test Post via Automation
2026-01-01 17:21:25.918 [main] INFO  c.s.i.a.utils.ApiReportingUtils - [API] SUCCESS: Assertion PASSED. Actual: 32
2026-01-01 17:21:25.928 [main] INFO  c.s.i.a.utils.ApiReportingUtils - [API] SUCCESS: Assertion PASSED. Actual: 55
2026-01-01 17:21:25.968 [main] INFO  c.s.i.a.handlers.ApiActionExecutor - [API] Captured variable 'newPostTitle' with path 'title' resulted in value: My Test Post via Automation
2026-01-01 17:21:25.968 [main] INFO  c.s.i.a.handlers.ApiActionExecutor - [API] Captured variable 'newPostId' with path 'id' resulted in value: 32
2026-01-01 17:21:25.969 [main] INFO  c.s.i.a.utils.ApiReportingUtils - [API] SUCCESS: API Action '1. Create New Post' PASSED.
2026-01-01 17:21:25.969 [main] INFO  c.s.i.a.handlers.ApiExecutionHandler - [CROSS-SUITE] Suite 'CRUD API Test' captured 2 new variables (total: 2)
2026-01-01 17:21:25.969 [main] INFO  c.s.i.a.handlers.ApiExecutionHandler - Total API Execution Time: 2 seconds
2026-01-01 17:21:26.228 [main] INFO  c.s.i.a.handlers.ApiExecutionHandler - API test execution completed. Report generated successfully.
2026-01-01 17:21:26.229 [main] INFO  c.s.i.a.handlers.ApiExecutionHandler - Sending API report to cloud app with test plan ID: 50f6c956-3817-4473-b35b-4d682f423504
2026-01-01 17:21:26.365 [main] INFO  c.s.i.a.a.BackendAutomationAPIService - Response Code: 200
2026-01-01 17:21:26.368 [main] INFO  c.s.i.a.a.BackendAutomationAPIService - API report sent successfully. Report Name: 01012026_Demo_CRUDTest_172122_API_AutomationReport.html
2026-01-01 17:21:26.368 [main] INFO  c.s.i.a.handlers.ApiExecutionHandler - API report sent to cloud app successfully
2026-01-01 17:21:27.371 [main] INFO  c.s.i.a.BackendAutomationRunner - Backend Automation Completed
